<?xml version="1.0" encoding="UTF-8"?>
<testsuite name="tienda.libros.Libros.LibrosApplicationTests" tests="1" skipped="0" failures="0" errors="0" timestamp="2024-07-30T22:34:08" hostname="LeonelComputer" time="0.005">
  <properties/>
  <testcase name="contextLoads()" classname="tienda.libros.Libros.LibrosApplicationTests" time="0.005"/>
  <system-out><![CDATA[2024-07-30T19:34:07.494-03:00  INFO 15947 --- [Libros] [    Test worker] t.c.s.AnnotationConfigContextLoaderUtils : Could not detect default configuration classes for test class [tienda.libros.Libros.LibrosApplicationTests]: LibrosApplicationTests does not declare any static, non-private, non-final, nested classes annotated with @Configuration.
2024-07-30T19:34:07.496-03:00  INFO 15947 --- [Libros] [    Test worker] .b.t.c.SpringBootTestContextBootstrapper : Found @SpringBootConfiguration tienda.libros.Libros.LibrosApplication for test class tienda.libros.Libros.LibrosApplicationTests

  .   ____          _            __ _ _
 /\\ / ___'_ __ _ _(_)_ __  __ _ \ \ \ \
( ( )\___ | '_ | '_| | '_ \/ _` | \ \ \ \
 \\/  ___)| |_)| | | | | || (_| |  ) ) ) )
  '  |____| .__|_| |_|_| |_\__, | / / / /
 =========|_|==============|___/=/_/_/_/

 :: Spring Boot ::                (v3.3.1)

2024-07-30T19:34:07.528-03:00  INFO 15947 --- [Libros] [    Test worker] t.libros.Libros.LibrosApplicationTests   : Starting LibrosApplicationTests using Java 20.0.2 with PID 15947 (started by leonel in /home/leonel/Desktop/programacionWeb/springboot/Libros)
2024-07-30T19:34:07.529-03:00  INFO 15947 --- [Libros] [    Test worker] t.libros.Libros.LibrosApplicationTests   : No active profile set, falling back to 1 default profile: "default"
2024-07-30T19:34:07.711-03:00  INFO 15947 --- [Libros] [    Test worker] .s.d.r.c.RepositoryConfigurationDelegate : Bootstrapping Spring Data JPA repositories in DEFAULT mode.
2024-07-30T19:34:07.725-03:00  INFO 15947 --- [Libros] [    Test worker] .s.d.r.c.RepositoryConfigurationDelegate : Finished Spring Data repository scanning in 13 ms. Found 4 JPA repository interfaces.
2024-07-30T19:34:07.878-03:00  INFO 15947 --- [Libros] [    Test worker] o.hibernate.jpa.internal.util.LogHelper  : HHH000204: Processing PersistenceUnitInfo [name: default]
2024-07-30T19:34:07.881-03:00  INFO 15947 --- [Libros] [    Test worker] o.h.c.internal.RegionFactoryInitiator    : HHH000026: Second-level cache disabled
2024-07-30T19:34:07.905-03:00  INFO 15947 --- [Libros] [    Test worker] o.s.o.j.p.SpringPersistenceUnitInfo      : No LoadTimeWeaver setup: ignoring JPA class transformer
2024-07-30T19:34:07.906-03:00  INFO 15947 --- [Libros] [    Test worker] com.zaxxer.hikari.HikariDataSource       : HikariPool-2 - Starting...
2024-07-30T19:34:07.940-03:00  INFO 15947 --- [Libros] [    Test worker] com.zaxxer.hikari.pool.HikariPool        : HikariPool-2 - Added connection com.mysql.cj.jdbc.ConnectionImpl@4d5aeea7
2024-07-30T19:34:07.943-03:00  INFO 15947 --- [Libros] [    Test worker] com.zaxxer.hikari.HikariDataSource       : HikariPool-2 - Start completed.
2024-07-30T19:34:07.947-03:00  WARN 15947 --- [Libros] [    Test worker] org.hibernate.orm.deprecation            : HHH90000025: MySQLDialect does not need to be specified explicitly using 'hibernate.dialect' (remove the property setting and it will be selected by default)
2024-07-30T19:34:08.157-03:00  INFO 15947 --- [Libros] [    Test worker] o.h.e.t.j.p.i.JtaPlatformInitiator       : HHH000489: No JTA platform available (set 'hibernate.transaction.jta.platform' to enable JTA platform integration)
2024-07-30T19:34:08.203-03:00  INFO 15947 --- [Libros] [    Test worker] j.LocalContainerEntityManagerFactoryBean : Initialized JPA EntityManagerFactory for persistence unit 'default'
2024-07-30T19:34:08.377-03:00  WARN 15947 --- [Libros] [    Test worker] JpaBaseConfiguration$JpaWebConfiguration : spring.jpa.open-in-view is enabled by default. Therefore, database queries may be performed during view rendering. Explicitly configure spring.jpa.open-in-view to disable this warning
2024-07-30T19:34:08.389-03:00  INFO 15947 --- [Libros] [    Test worker] o.s.b.a.w.s.WelcomePageHandlerMapping    : Adding welcome page: class path resource [static/index.html]
2024-07-30T19:34:08.586-03:00  INFO 15947 --- [Libros] [    Test worker] t.libros.Libros.LibrosApplicationTests   : Started LibrosApplicationTests in 1.085 seconds (process running for 8.912)
]]></system-out>
  <system-err><![CDATA[]]></system-err>
</testsuite>
