<?xml version="1.0" encoding="UTF-8"?>
<testsuite name="tienda.libros.Libros.GeneroTest" tests="1" skipped="0" failures="0" errors="0" timestamp="2024-07-30T22:34:06" hostname="LeonelComputer" time="1.11">
  <properties/>
  <testcase name="generoTest()" classname="tienda.libros.Libros.GeneroTest" time="1.11"/>
  <system-out><![CDATA[19:34:00.585 [Test worker] INFO org.springframework.test.context.support.AnnotationConfigContextLoaderUtils -- Could not detect default configuration classes for test class [tienda.libros.Libros.GeneroTest]: GeneroTest does not declare any static, non-private, non-final, nested classes annotated with @Configuration.
19:34:00.701 [Test worker] INFO org.springframework.boot.test.context.SpringBootTestContextBootstrapper -- Found @SpringBootConfiguration tienda.libros.Libros.LibrosApplication for test class tienda.libros.Libros.GeneroTest

  .   ____          _            __ _ _
 /\\ / ___'_ __ _ _(_)_ __  __ _ \ \ \ \
( ( )\___ | '_ | '_| | '_ \/ _` | \ \ \ \
 \\/  ___)| |_)| | | | | || (_| |  ) ) ) )
  '  |____| .__|_| |_|_| |_\__, | / / / /
 =========|_|==============|___/=/_/_/_/

 :: Spring Boot ::                (v3.3.1)

2024-07-30T19:34:01.187-03:00  INFO 15947 --- [Libros] [    Test worker] tienda.libros.Libros.GeneroTest          : Starting GeneroTest using Java 20.0.2 with PID 15947 (started by leonel in /home/leonel/Desktop/programacionWeb/springboot/Libros)
2024-07-30T19:34:01.189-03:00  INFO 15947 --- [Libros] [    Test worker] tienda.libros.Libros.GeneroTest          : No active profile set, falling back to 1 default profile: "default"
2024-07-30T19:34:02.044-03:00  INFO 15947 --- [Libros] [    Test worker] .s.d.r.c.RepositoryConfigurationDelegate : Bootstrapping Spring Data JPA repositories in DEFAULT mode.
2024-07-30T19:34:02.136-03:00  INFO 15947 --- [Libros] [    Test worker] .s.d.r.c.RepositoryConfigurationDelegate : Finished Spring Data repository scanning in 80 ms. Found 4 JPA repository interfaces.
2024-07-30T19:34:02.779-03:00  INFO 15947 --- [Libros] [    Test worker] o.hibernate.jpa.internal.util.LogHelper  : HHH000204: Processing PersistenceUnitInfo [name: default]
2024-07-30T19:34:02.844-03:00  INFO 15947 --- [Libros] [    Test worker] org.hibernate.Version                    : HHH000412: Hibernate ORM core version 6.5.2.Final
2024-07-30T19:34:02.885-03:00  INFO 15947 --- [Libros] [    Test worker] o.h.c.internal.RegionFactoryInitiator    : HHH000026: Second-level cache disabled
2024-07-30T19:34:03.219-03:00  INFO 15947 --- [Libros] [    Test worker] o.s.o.j.p.SpringPersistenceUnitInfo      : No LoadTimeWeaver setup: ignoring JPA class transformer
2024-07-30T19:34:03.243-03:00  INFO 15947 --- [Libros] [    Test worker] com.zaxxer.hikari.HikariDataSource       : HikariPool-1 - Starting...
2024-07-30T19:34:03.852-03:00  INFO 15947 --- [Libros] [    Test worker] com.zaxxer.hikari.pool.HikariPool        : HikariPool-1 - Added connection com.mysql.cj.jdbc.ConnectionImpl@2df71be0
2024-07-30T19:34:03.854-03:00  INFO 15947 --- [Libros] [    Test worker] com.zaxxer.hikari.HikariDataSource       : HikariPool-1 - Start completed.
2024-07-30T19:34:04.088-03:00  WARN 15947 --- [Libros] [    Test worker] org.hibernate.orm.deprecation            : HHH90000025: MySQLDialect does not need to be specified explicitly using 'hibernate.dialect' (remove the property setting and it will be selected by default)
2024-07-30T19:34:05.106-03:00  INFO 15947 --- [Libros] [    Test worker] o.h.e.t.j.p.i.JtaPlatformInitiator       : HHH000489: No JTA platform available (set 'hibernate.transaction.jta.platform' to enable JTA platform integration)
2024-07-30T19:34:05.320-03:00  INFO 15947 --- [Libros] [    Test worker] j.LocalContainerEntityManagerFactoryBean : Initialized JPA EntityManagerFactory for persistence unit 'default'
2024-07-30T19:34:05.535-03:00  INFO 15947 --- [Libros] [    Test worker] o.s.d.j.r.query.QueryEnhancerFactory     : Hibernate is in classpath; If applicable, HQL parser will be used.
2024-07-30T19:34:05.855-03:00  WARN 15947 --- [Libros] [    Test worker] JpaBaseConfiguration$JpaWebConfiguration : spring.jpa.open-in-view is enabled by default. Therefore, database queries may be performed during view rendering. Explicitly configure spring.jpa.open-in-view to disable this warning
2024-07-30T19:34:05.888-03:00  INFO 15947 --- [Libros] [    Test worker] o.s.b.a.w.s.WelcomePageHandlerMapping    : Adding welcome page: class path resource [static/index.html]
2024-07-30T19:34:06.326-03:00  INFO 15947 --- [Libros] [    Test worker] o.s.b.t.m.w.SpringBootMockServletContext : Initializing Spring TestDispatcherServlet ''
2024-07-30T19:34:06.326-03:00  INFO 15947 --- [Libros] [    Test worker] o.s.t.web.servlet.TestDispatcherServlet  : Initializing Servlet ''
2024-07-30T19:34:06.329-03:00  INFO 15947 --- [Libros] [    Test worker] o.s.t.web.servlet.TestDispatcherServlet  : Completed initialization in 2 ms
2024-07-30T19:34:06.362-03:00  INFO 15947 --- [Libros] [    Test worker] tienda.libros.Libros.GeneroTest          : Started GeneroTest in 5.527 seconds (process running for 6.688)

MockHttpServletRequest:
      HTTP Method = GET
      Request URI = /genero
       Parameters = {}
          Headers = []
             Body = null
    Session Attrs = {}

Handler:
             Type = tienda.libros.Libros.controllers.GeneroController
           Method = tienda.libros.Libros.controllers.GeneroController#getAllGeneros()

Async:
    Async started = false
     Async result = null

Resolved Exception:
             Type = null

ModelAndView:
        View name = null
             View = null
            Model = null

FlashMap:
       Attributes = null

MockHttpServletResponse:
           Status = 200
    Error message = null
          Headers = [Vary:"Origin", "Access-Control-Request-Method", "Access-Control-Request-Headers", Content-Type:"application/json"]
     Content type = application/json
             Body = [{"idGenero":1,"nombre":"Ciencia Ficcion","descripcion":"Este genero se caracteriza por tener historias futuristas que generan intriga en el lector"}]
    Forwarded URL = null
   Redirected URL = null
          Cookies = []
]]></system-out>
  <system-err><![CDATA[]]></system-err>
</testsuite>
